<?xml version="1.0" encoding="UTF-8"?>
<!-- Generated by org.testng.reporters.JUnitReportReporter -->
<testsuite hostname="LAPTOP-MD003UJQ" failures="0" tests="1" name="com.training.testcases.LoginPageTest" time="19.731" errors="0" timestamp="2022-12-09T14:51:22 IST" skipped="0">
  <testcase classname="com.training.testcases.LoginPageTest" name="validateLoginTest" time="19.731"/>
  <system-out/>
</testsuite> <!-- com.training.testcases.LoginPageTest -->
