<?xml version="1.0" encoding="UTF-8"?>
<!-- Generated by org.testng.reporters.JUnitReportReporter -->
<testsuite hostname="LAPTOP-MD003UJQ" failures="0" tests="1" name="com.training.testcases.DashboardPageTest" time="20.090" errors="0" timestamp="2022-12-09T12:48:29 IST" skipped="0">
  <testcase classname="com.training.testcases.DashboardPageTest" name="validateLoginTest" time="20.090"/>
  <system-out/>
</testsuite> <!-- com.training.testcases.DashboardPageTest -->
